C51 COMPILER V9.54   MAIN                                                                  06/21/2017 22:41:57 PAGE 1   


C51 COMPILER V9.54, COMPILATION OF MODULE MAIN
OBJECT MODULE PLACED IN .\Objects\Main.obj
COMPILER INVOKED BY: D:\Keil_v5\C51\BIN\C51.EXE Main.c OPTIMIZE(8,SPEED) BROWSE DEBUG OBJECTEXTEND PRINT(.\Listings\Main
                    -.lst) TABS(2) OBJECT(.\Objects\Main.obj)

line level    source

   1          #include <STC89C5xRC.H>
   2          #include "Board2.h"
   3          #include "BackRoom.h"
   4          #include "uart.h"
   5          #include "mp3.h"
   6          
   7          sbit INPUT_A = P0^0;
   8          sbit INPUT_B = P0^1;
   9          sbit INPUT_C = P0^2;
  10          
  11          sbit OUTPUT_DOOR = P0^3;
  12          void init()
  13          {
  14   1        INPUT_A = 0;
  15   1        INPUT_B = 0;
  16   1        INPUT_C = 0;
  17   1        
  18   1        OUTPUT_DOOR = 0;
  19   1      }
  20          void main()
  21          {
  22   1        init();
  23   1        uart_init();
  24   1        mp3_init();
  25   1      
  26   1        delay_ms(100);  
  27   1        
  28   1        while(1)
  29   1        {
  30   2          if(INPUT_A == 0)
  31   2          {
  32   3            delay_ms(50);
  33   3            if(INPUT_A == 1)
  34   3            {
  35   4              //播放语音
  36   4              playMp3(0x01);
  37   4              delay_ms(10000);
  38   4            }
  39   3          }
  40   2          
  41   2          if(INPUT_B == 0)
  42   2          {
  43   3            delay_ms(50);
  44   3            if(INPUT_B == 1)
  45   3            {
  46   4              //播放语音
  47   4              playMp3(0x02);
  48   4              delay_ms(10000);
  49   4            }
  50   3          }
  51   2          
  52   2          if(INPUT_C == 0)
  53   2          {
  54   3            delay_ms(50);
C51 COMPILER V9.54   MAIN                                                                  06/21/2017 22:41:57 PAGE 2   

  55   3            if(INPUT_C == 1)
  56   3            {
  57   4              //播放语音
  58   4              playMp3(0x03);
  59   4              delay_ms(10000);
  60   4            }
  61   3          }
  62   2          
  63   2          if((INPUT_A == 1)&&(INPUT_B == 1)&&(INPUT_C == 1))
  64   2          {
  65   3            OUTPUT_DOOR = 1;
  66   3            break;
  67   3          }
  68   2        }
  69   1      }


MODULE INFORMATION:   STATIC OVERLAYABLE
   CODE SIZE        =    473    ----
   CONSTANT SIZE    =   ----    ----
   XDATA SIZE       =   ----    ----
   PDATA SIZE       =   ----    ----
   DATA SIZE        =      3    ----
   IDATA SIZE       =   ----    ----
   BIT SIZE         =   ----    ----
END OF MODULE INFORMATION.


C51 COMPILATION COMPLETE.  0 WARNING(S),  0 ERROR(S)
