C51 COMPILER V9.54   MAIN                                                                  08/26/2017 17:53:59 PAGE 1   


C51 COMPILER V9.54, COMPILATION OF MODULE MAIN
OBJECT MODULE PLACED IN .\Objects\Main.obj
COMPILER INVOKED BY: D:\Keil_v5\C51\BIN\C51.EXE Main.c OPTIMIZE(8,SPEED) BROWSE DEBUG OBJECTEXTEND PRINT(.\Listings\Main
                    -.lst) TABS(2) OBJECT(.\Objects\Main.obj)

line level    source

   1          #include <STC12C5A60S2.H>
   2          #include "BackRoom.h"
   3          
   4          sbit OUTPUT = P2^2;
   5          
   6          sbit btn1 = P0^0;
   7          sbit btn2 = P0^1;
   8          sbit btn3 = P0^2;
   9          sbit btn4 = P0^3;
  10          sbit btn5 = P0^4;
  11          sbit btn6 = P0^5;
  12          sbit btn7 = P0^6;
  13          sbit btn8 = P0^7;
  14          sbit btn9 = P2^0;
  15          
  16          sbit light1 = P1^0;
  17          sbit light2 = P1^1;
  18          sbit light3 = P1^2;
  19          sbit light4 = P1^3;
  20          sbit light5 = P1^4;
  21          sbit light6 = P1^5;
  22          sbit light7 = P1^6;
  23          sbit light8 = P1^7;
  24          sbit light9 = P2^1;
  25          
  26          int answerStep = 0;
  27          int myAnswer[9] = {0,0,0,0,0,0,0,0,0};
  28          
  29          int answer1[9] = {1,2,3,6,8,7,4,5,9};
  30          int answer2[9] = {1,4,7,8,6,3,2,5,9};
  31          int answer3[9] = {1,5,9,6,3,2,4,7,8};
  32          int answer4[9] = {1,5,9,8,7,4,2,3,6};
  33          
  34          void init()
  35          {
  36   1        P0 = 0;
  37   1        btn9 = 0;
  38   1        
  39   1        P1 = 1;
  40   1        light9 = 1;
  41   1        
  42   1        OUTPUT = 1;
  43   1      }
  44          
  45          void check()
  46          {
  47   1        int isCorrect1 = 0;
  48   1        int isCorrect2 = 0;
  49   1        int isCorrect3 = 0;
  50   1        int isCorrect4 = 0;
  51   1        
  52   1        if(answerStep == 9)
  53   1        {
  54   2          if((myAnswer[0] == answer1[0])&&
C51 COMPILER V9.54   MAIN                                                                  08/26/2017 17:53:59 PAGE 2   

  55   2          (myAnswer[1] == answer1[1])&&
  56   2          (myAnswer[2] == answer1[2])&&
  57   2          (myAnswer[3] == answer1[3])&&
  58   2          (myAnswer[4] == answer1[4])&&
  59   2          (myAnswer[5] == answer1[5])&&
  60   2          (myAnswer[6] == answer1[6])&&
  61   2          (myAnswer[7] == answer1[7])&&
  62   2          (myAnswer[8] == answer1[8]))
  63   2          {
  64   3            isCorrect1 = 1;
  65   3          }
  66   2          
  67   2          if((myAnswer[0] == answer2[0])&&
  68   2          (myAnswer[1] == answer2[1])&&
  69   2          (myAnswer[2] == answer2[2])&&
  70   2          (myAnswer[3] == answer2[3])&&
  71   2          (myAnswer[4] == answer2[4])&&
  72   2          (myAnswer[5] == answer2[5])&&
  73   2          (myAnswer[6] == answer2[6])&&
  74   2          (myAnswer[7] == answer2[7])&&
  75   2          (myAnswer[8] == answer2[8]))
  76   2          {
  77   3            isCorrect2 = 1;
  78   3          }
  79   2          
  80   2          if((myAnswer[0] == answer3[0])&&
  81   2          (myAnswer[1] == answer3[1])&&
  82   2          (myAnswer[2] == answer3[2])&&
  83   2          (myAnswer[3] == answer3[3])&&
  84   2          (myAnswer[4] == answer3[4])&&
  85   2          (myAnswer[5] == answer3[5])&&
  86   2          (myAnswer[6] == answer3[6])&&
  87   2          (myAnswer[7] == answer3[7])&&
  88   2          (myAnswer[8] == answer3[8]))
  89   2          {
  90   3            isCorrect3 = 1;
  91   3          }
  92   2          
  93   2          if((myAnswer[0] == answer4[0])&&
  94   2          (myAnswer[1] == answer4[1])&&
  95   2          (myAnswer[2] == answer4[2])&&
  96   2          (myAnswer[3] == answer4[3])&&
  97   2          (myAnswer[4] == answer4[4])&&
  98   2          (myAnswer[5] == answer4[5])&&
  99   2          (myAnswer[6] == answer4[6])&&
 100   2          (myAnswer[7] == answer4[7])&&
 101   2          (myAnswer[8] == answer4[8]))
 102   2          {
 103   3            isCorrect4 = 1;
 104   3          }
 105   2          
 106   2          if((isCorrect1 == 1) || (isCorrect2 == 1) || (isCorrect3 == 1) || (isCorrect4 == 1))
 107   2          {
 108   3            OUTPUT = 0;
 109   3          }
 110   2          else
 111   2          {
 112   3            answerStep = 0;
 113   3            light1 = 1;
 114   3            light2 = 1;
 115   3            light3 = 1;
 116   3            light4 = 1;
C51 COMPILER V9.54   MAIN                                                                  08/26/2017 17:53:59 PAGE 3   

 117   3            light5 = 1;
 118   3            light6 = 1;
 119   3            light7 = 1;
 120   3            light8 = 1;
 121   3            light9 = 1;
 122   3            
 123   3            isCorrect1 = 0;
 124   3            isCorrect2 = 0;
 125   3            isCorrect3 = 0;
 126   3            isCorrect4 = 0;
 127   3          }
 128   2        }
 129   1      }
 130          
 131          void main()
 132          {
 133   1        init();
 134   1        while(1)
 135   1        {
 136   2          if(btn1 == 1)
 137   2          {
 138   3            delay_ms(50);
 139   3            if(btn1 == 0)
 140   3            {
 141   4              myAnswer[answerStep] = 1;
 142   4              light1 = 0;
 143   4              check();
 144   4              answerStep++;
 145   4            }
 146   3          }
 147   2          
 148   2          if(btn2 == 1)
 149   2          {
 150   3            delay_ms(50);
 151   3            if(btn2 == 0)
 152   3            {
 153   4              myAnswer[answerStep] = 2;
 154   4              light2 = 0;
 155   4              check();
 156   4              answerStep++;
 157   4            }
 158   3          }
 159   2          
 160   2          if(btn3 == 1)
 161   2          {
 162   3            delay_ms(50);
 163   3            if(btn3 == 0)
 164   3            {
 165   4              myAnswer[answerStep] = 3;
 166   4              light3 = 0;
 167   4              check();
 168   4              answerStep++;
 169   4            }
 170   3          }
 171   2          
 172   2          if(btn4 == 1)
 173   2          {
 174   3            delay_ms(50);
 175   3            if(btn4 == 0)
 176   3            {
 177   4              myAnswer[answerStep] = 4;
 178   4              light4 = 0;
C51 COMPILER V9.54   MAIN                                                                  08/26/2017 17:53:59 PAGE 4   

 179   4              check();
 180   4              answerStep++;
 181   4            }
 182   3          }
 183   2          
 184   2          if(btn5 == 1)
 185   2          {
 186   3            delay_ms(50);
 187   3            if(btn5 == 0)
 188   3            {
 189   4              myAnswer[answerStep] = 5;
 190   4              light5 = 0;
 191   4              check();
 192   4              answerStep++;
 193   4            }
 194   3          }
 195   2          
 196   2          if(btn6 == 1)
 197   2          {
 198   3            delay_ms(50);
 199   3            if(btn6 == 0)
 200   3            {
 201   4              myAnswer[answerStep] = 6;
 202   4              light6 = 0;
 203   4              check();
 204   4              answerStep++;
 205   4            }
 206   3          }
 207   2          
 208   2          if(btn7 == 1)
 209   2          {
 210   3            delay_ms(50);
 211   3            if(btn7 == 0)
 212   3            {
 213   4              myAnswer[answerStep] = 7;
 214   4              light7 = 0;
 215   4              check();
 216   4              answerStep++;
 217   4            }
 218   3          }
 219   2          
 220   2          if(btn8 == 1)
 221   2          {
 222   3            delay_ms(50);
 223   3            if(btn8 == 0)
 224   3            {
 225   4              myAnswer[answerStep] = 8;
 226   4              light8 = 0;
 227   4              check();
 228   4              answerStep++;
 229   4            }
 230   3          }
 231   2          
 232   2          if(btn9 == 1)
 233   2          {
 234   3            delay_ms(50);
 235   3            if(btn9 == 0)
 236   3            {
 237   4              myAnswer[answerStep] = 9;
 238   4              light9 = 0;
 239   4              check();
 240   4              answerStep++;
C51 COMPILER V9.54   MAIN                                                                  08/26/2017 17:53:59 PAGE 5   

 241   4            }
 242   3          }
 243   2        }
 244   1      }


MODULE INFORMATION:   STATIC OVERLAYABLE
   CODE SIZE        =    845    ----
   CONSTANT SIZE    =   ----    ----
   XDATA SIZE       =   ----    ----
   PDATA SIZE       =   ----    ----
   DATA SIZE        =     94    ----
   IDATA SIZE       =   ----    ----
   BIT SIZE         =   ----    ----
END OF MODULE INFORMATION.


C51 COMPILATION COMPLETE.  0 WARNING(S),  0 ERROR(S)
